<?xml version="1.0" encoding="UTF-8"?>
<testsuite name="TestSuite" time="53.014" tests="31" errors="0" skipped="29" failures="2">
  <properties>
    <property name="java.vendor" value="Oracle Corporation"/>
    <property name="JOB_NAME" value="UIAndroidTest"/>
    <property name="sun.java.launcher" value="SUN_STANDARD"/>
    <property name="windows_tracing_logfile" value="C:\BVTBin\Tests\installpackage\csilogfile.log"/>
    <property name="NUMBER_OF_PROCESSORS" value="4"/>
    <property name="sun.management.compiler" value="HotSpot 64-Bit Tiered Compilers"/>
    <property name="EDITOR" value="C:\Windows\System32\notepad.exe"/>
    <property name="JENKINS_HOME" value="D:\Program Files (x86)\jenkins"/>
    <property name="HUDSON_SERVER_COOKIE" value="eaba38a8cbce8b5e"/>
    <property name="POM_ARTIFACTID" value="HJS_APPAutoTest"/>
    <property name="os.name" value="Windows 7"/>
    <property name="sun.boot.class.path" value="C:\Program Files\Java\jdk1.8.0_91\jre\lib\resources.jar;C:\Program Files\Java\jdk1.8.0_91\jre\lib\rt.jar;C:\Program Files\Java\jdk1.8.0_91\jre\lib\sunrsasign.jar;C:\Program Files\Java\jdk1.8.0_91\jre\lib\jsse.jar;C:\Program Files\Java\jdk1.8.0_91\jre\lib\jce.jar;C:\Program Files\Java\jdk1.8.0_91\jre\lib\charsets.jar;C:\Program Files\Java\jdk1.8.0_91\jre\lib\jfr.jar;C:\Program Files\Java\jdk1.8.0_91\jre\classes"/>
    <property name="EXECUTOR_NUMBER" value="0"/>
    <property name="sun.desktop" value="windows"/>
    <property name="PATHEXT" value=".COM;.EXE;.BAT;.CMD;.VBS;.VBE;.JS;.JSE;.WSF;.WSH;.MSC"/>
    <property name="java.vm.specification.vendor" value="Oracle Corporation"/>
    <property name="POM_DISPLAYNAME" value="HJS_APPAutoTest"/>
    <property name="NODE_LABELS" value="master"/>
    <property name="TEMP" value="C:\Windows\TEMP"/>
    <property name="java.runtime.version" value="1.8.0_91-b15"/>
    <property name="WINSW_SERVICE_ID" value="Jenkins"/>
    <property name="user.name" value="SZ-PC095HFZ$"/>
    <property name="DOCKER_HOST" value="tcp://localhost:2375"/>
    <property name="guice.disable.misplaced.annotation.check" value="true"/>
    <property name="CommonProgramW6432" value="C:\Program Files\Common Files"/>
    <property name="ProgramFiles" value="C:\Program Files (x86)"/>
    <property name="user.language" value="zh"/>
    <property name="JOB_BASE_NAME" value="UIAndroidTest"/>
    <property name="RUN_CHANGES_DISPLAY_URL" value="http://localhost:8080/job/UIAndroidTest/193/display/redirect?page=changes"/>
    <property name="BUILD_DISPLAY_NAME" value="#193"/>
    <property name="sun.boot.library.path" value="C:\Program Files\Java\jdk1.8.0_91\jre\bin"/>
    <property name="LOCALAPPDATA" value="C:\Windows\system32\config\systemprofile\AppData\Local"/>
    <property name="java.version" value="1.8.0_91"/>
    <property name="PROCESSOR_LEVEL" value="6"/>
    <property name="user.timezone" value="Asia/Shanghai"/>
    <property name="USERNAME" value="SZ-PC095HFZ$"/>
    <property name="sun.arch.data.model" value="64"/>
    <property name="NODE_NAME" value="master"/>
    <property name="PROCESSOR_ARCHITEW6432" value="AMD64"/>
    <property name="java.endorsed.dirs" value="C:\Program Files\Java\jdk1.8.0_91\jre\lib\endorsed"/>
    <property name="BUILD_ID" value="193"/>
    <property name="sun.cpu.isalist" value="amd64"/>
    <property name="sun.jnu.encoding" value="GBK"/>
    <property name="file.encoding.pkg" value="sun.io"/>
    <property name="file.separator" value="\"/>
    <property name="java.specification.name" value="Java Platform API Specification"/>
    <property name="maven.conf" value="D:\android-sdk\apache-maven-3.5.0\conf"/>
    <property name="java.class.version" value="52.0"/>
    <property name="org.slf4j.simpleLogger.defaultLogLevel" value="info"/>
    <property name="user.country" value="CN"/>
    <property name="ALLUSERSPROFILE" value="C:\ProgramData"/>
    <property name="java.home" value="C:\Program Files\Java\jdk1.8.0_91\jre"/>
    <property name="java.vm.info" value="mixed mode"/>
    <property name="os.version" value="6.1"/>
    <property name="CATALINA_HOME" value="D:\Installation\apache-tomcat-7.0.65"/>
    <property name="RUN_DISPLAY_URL" value="http://localhost:8080/job/UIAndroidTest/193/display/redirect"/>
    <property name="POM_VERSION" value="0.0.1-SNAPSHOT"/>
    <property name="TMP" value="C:\Windows\TEMP"/>
    <property name="path.separator" value=";"/>
    <property name="java.vm.version" value="25.91-b15"/>
    <property name="user.variant" value=""/>
    <property name="JOB_DISPLAY_URL" value="http://localhost:8080/job/UIAndroidTest/display/redirect"/>
    <property name="CommonProgramFiles(x86)" value="C:\Program Files (x86)\Common Files"/>
    <property name="java.awt.printerjob" value="sun.awt.windows.WPrinterJob"/>
    <property name="FP_NO_HOST_CHECK" value="NO"/>
    <property name="JAVA_HOME" value="C:\Program Files\Java\jdk1.8.0_91"/>
    <property name="sun.io.unicode.encoding" value="UnicodeLittle"/>
    <property name="CommonProgramFiles" value="C:\Program Files (x86)\Common Files"/>
    <property name="ComSpec" value="C:\Windows\system32\cmd.exe"/>
    <property name="awt.toolkit" value="sun.awt.windows.WToolkit"/>
    <property name="POM_PACKAGING" value="jar"/>
    <property name="user.script" value=""/>
    <property name="COMPUTERNAME" value="SZ-PC095HFZ"/>
    <property name="SERVICE_ID" value="Jenkins"/>
    <property name="POM_GROUPID" value="HJS_APPAutoTest"/>
    <property name="user.home" value="C:\Windows\system32\config\systemprofile"/>
    <property name="HADOOP_HOME" value="D:\Installation\hadoop-common-2.2.0-bin-master"/>
    <property name="PUBLIC" value="C:\Users\Public"/>
    <property name="BUILD_TAG" value="jenkins-UIAndroidTest-193"/>
    <property name="JENKINS_SERVER_COOKIE" value="eaba38a8cbce8b5e"/>
    <property name="HUDSON_URL" value="http://localhost:8080/"/>
    <property name="ProgramData" value="C:\ProgramData"/>
    <property name="java.specification.vendor" value="Oracle Corporation"/>
    <property name="USERPROFILE" value="C:\Windows\system32\config\systemprofile"/>
    <property name="CLASSPATH" value=""/>
    <property name="java.vendor.url" value="http://java.oracle.com/"/>
    <property name="java.library.path" value="C:\Program Files\Java\jdk1.8.0_91\bin;C:\Windows\Sun\Java\bin;C:\Windows\system32;C:\Windows;D:\android-sdk\apache-maven-3.5.0/bin;C:\Program Files\Java\jdk1.8.0_91/bin;C:\Program Files\Java\jdk1.8.0_91/bin;C:\ProgramData\Oracle\Java\javapath;C:\Windows\system32;C:\Windows;C:\Windows\System32\Wbem;C:\Windows\System32\WindowsPowerShell\v1.0\;C:\Program Files\Lenovo\Fingerprint Manager Pro\;C:\Program Files\Intel\WiFi\bin\;C:\Program Files\Common Files\Intel\WirelessCommon\;C:\Program Files\Java\jdk1.8.0_91\bin;C:\Program Files\Java\jdk1.8.0_91\jre\bin;D:\android-sdk\apache-maven-3.5.0\bin;D:\Installation\apache-tomcat-7.0.65\bin;D:\Installation\codeReview\arcanist\bin;C:\php5.5;C:\php5.5\ext;D:\Installation\git\Git\bin;D:\Installation\nodejs\;D:\android-sdk\sdk\tools;D:\android-sdk\sdk\platform-tools;D:\android-sdk\sdk\\build-tools\android-4.3;C:\Program Files (x86)\Appium\node_modules\.bin;D:\android-sdk\apache-maven-3.5.0\bin;;."/>
    <property name="java.vm.vendor" value="Oracle Corporation"/>
    <property name="APPDATA" value="C:\Windows\system32\config\systemprofile\AppData\Roaming"/>
    <property name="java.runtime.name" value="Java(TM) SE Runtime Environment"/>
    <property name="maven.home" value="D:\android-sdk\apache-maven-3.5.0"/>
    <property name="java.class.path" value="D:\Program Files (x86)\jenkins\plugins\maven-plugin\WEB-INF\lib\maven35-agent-1.11.jar;D:\android-sdk\apache-maven-3.5.0\boot\plexus-classworlds-2.5.2.jar;D:\android-sdk\apache-maven-3.5.0/conf/logging"/>
    <property name="sun.java.command" value="jenkins.maven3.agent.Maven35Main D:\android-sdk\apache-maven-3.5.0 D:\Program Files (x86)\jenkins\war\WEB-INF\lib\remoting-3.7.jar D:\Program Files (x86)\jenkins\plugins\maven-plugin\WEB-INF\lib\maven35-interceptor-1.11.jar D:\Program Files (x86)\jenkins\plugins\maven-plugin\WEB-INF\lib\maven3-interceptor-commons-1.11.jar 55521"/>
    <property name="Path" value="C:\Program Files\Java\jdk1.8.0_91/bin;C:\ProgramData\Oracle\Java\javapath;C:\Windows\system32;C:\Windows;C:\Windows\System32\Wbem;C:\Windows\System32\WindowsPowerShell\v1.0\;C:\Program Files\Lenovo\Fingerprint Manager Pro\;C:\Program Files\Intel\WiFi\bin\;C:\Program Files\Common Files\Intel\WirelessCommon\;C:\Program Files\Java\jdk1.8.0_91\bin;C:\Program Files\Java\jdk1.8.0_91\jre\bin;D:\android-sdk\apache-maven-3.5.0\bin;D:\Installation\apache-tomcat-7.0.65\bin;D:\Installation\codeReview\arcanist\bin;C:\php5.5;C:\php5.5\ext;D:\Installation\git\Git\bin;D:\Installation\nodejs\;D:\android-sdk\sdk\tools;D:\android-sdk\sdk\platform-tools;D:\android-sdk\sdk\\build-tools\android-4.3;C:\Program Files (x86)\Appium\node_modules\.bin;D:\android-sdk\apache-maven-3.5.0\bin;"/>
    <property name="java.vm.specification.name" value="Java Virtual Machine Specification"/>
    <property name="PROCESSOR_ARCHITECTURE" value="x86"/>
    <property name="PATH+JDK" value="C:\Program Files\Java\jdk1.8.0_91/bin"/>
    <property name="PROCESSOR_IDENTIFIER" value="Intel64 Family 6 Model 61 Stepping 4, GenuineIntel"/>
    <property name="java.vm.specification.version" value="1.8"/>
    <property name="sun.os.patch.level" value="Service Pack 1"/>
    <property name="sun.cpu.endian" value="little"/>
    <property name="M2_HOME" value="D:\android-sdk\apache-maven-3.5.0"/>
    <property name="java.io.tmpdir" value="C:\Windows\TEMP\"/>
    <property name="OS" value="Windows_NT"/>
    <property name="HUDSON_HOME" value="D:\Program Files (x86)\jenkins"/>
    <property name="PATH+MAVEN" value="D:\android-sdk\apache-maven-3.5.0/bin"/>
    <property name="ProgramFiles(x86)" value="C:\Program Files (x86)"/>
    <property name="BUILD_URL" value="http://localhost:8080/job/UIAndroidTest/193/"/>
    <property name="java.vendor.url.bug" value="http://bugreport.sun.com/bugreport/"/>
    <property name="java.awt.graphicsenv" value="sun.awt.Win32GraphicsEnvironment"/>
    <property name="os.arch" value="amd64"/>
    <property name="SystemRoot" value="C:\Windows"/>
    <property name="windows_tracing_flags" value="3"/>
    <property name="java.ext.dirs" value="C:\Program Files\Java\jdk1.8.0_91\jre\lib\ext;C:\Windows\Sun\Java\lib\ext"/>
    <property name="user.dir" value="C:\Users\huangxiao\git\Test-UI-AndroidAuto"/>
    <property name="JOB_URL" value="http://localhost:8080/job/UIAndroidTest/"/>
    <property name="USERDOMAIN" value="HJS"/>
    <property name="line.separator" value="&#10;"/>
    <property name="MAVEN_HOME" value="D:\android-sdk\apache-maven-3.5.0"/>
    <property name="java.vm.name" value="Java HotSpot(TM) 64-Bit Server VM"/>
    <property name="BUILD_NUMBER" value="193"/>
    <property name="BASE" value="D:\Program Files (x86)\jenkins"/>
    <property name="ANDROID_HOME" value="D:\android-sdk\sdk"/>
    <property name="JENKINS_URL" value="http://localhost:8080/"/>
    <property name="PROCESSOR_REVISION" value="3d04"/>
    <property name="UATDATA" value="C:\Windows\CCM\UATData\D9F8C395-CAB8-491d-B8AC-179A1FE1BE77"/>
    <property name="ProgramW6432" value="C:\Program Files"/>
    <property name="windir" value="C:\Windows"/>
    <property name="file.encoding" value="GBK"/>
    <property name="SystemDrive" value="C:"/>
    <property name="maven3.interceptor" value="D:\Program Files (x86)\jenkins\plugins\maven-plugin\WEB-INF\lib\maven35-interceptor-1.11.jar"/>
    <property name="WORKSPACE" value="C:\Users\huangxiao\git\Test-UI-AndroidAuto"/>
    <property name="maven3.interceptor.common" value="D:\Program Files (x86)\jenkins\plugins\maven-plugin\WEB-INF\lib\maven3-interceptor-commons-1.11.jar"/>
    <property name="WINSW_EXECUTABLE" value="D:\Program Files (x86)\jenkins\jenkins.exe"/>
    <property name="java.specification.version" value="1.8"/>
    <property name="PSModulePath" value="C:\Windows\system32\WindowsPowerShell\v1.0\Modules\"/>
  </properties>
  <testcase name="setUp" classname="com.hjs.cases.TradeTestCase" time="53.014">
    <failure message="A new session could not be created. (Original error: Could not find a connected Android device.) (WARNING: The server did not provide any stacktrace information)&#10;Command duration or timeout: 29.48 seconds&#10;Build info: version: &apos;2.53.1&apos;, revision: &apos;a36b8b1cd5757287168e54b817830adce9b0158d&apos;, time: &apos;2016-06-30 19:26:09&apos;&#10;System info: host: &apos;SZ-PC095HFZ&apos;, ip: &apos;192.168.56.1&apos;, os.name: &apos;Windows 7&apos;, os.arch: &apos;amd64&apos;, os.version: &apos;6.1&apos;, java.version: &apos;1.8.0_91&apos;&#10;Driver info: io.appium.java_client.android.AndroidDriver" type="org.openqa.selenium.SessionNotCreatedException"><![CDATA[org.openqa.selenium.SessionNotCreatedException: A new session could not be created. (Original error: Could not find a connected Android device.) (WARNING: The server did not provide any stacktrace information)
Command duration or timeout: 29.48 seconds
Build info: version: '2.53.1', revision: 'a36b8b1cd5757287168e54b817830adce9b0158d', time: '2016-06-30 19:26:09'
System info: host: 'SZ-PC095HFZ', ip: '192.168.56.1', os.name: 'Windows 7', os.arch: 'amd64', os.version: '6.1', java.version: '1.8.0_91'
Driver info: io.appium.java_client.android.AndroidDriver
	at sun.reflect.NativeConstructorAccessorImpl.newInstance0(Native Method)
	at sun.reflect.NativeConstructorAccessorImpl.newInstance(NativeConstructorAccessorImpl.java:62)
	at sun.reflect.DelegatingConstructorAccessorImpl.newInstance(DelegatingConstructorAccessorImpl.java:45)
	at java.lang.reflect.Constructor.newInstance(Constructor.java:423)
	at org.openqa.selenium.remote.ErrorHandler.createThrowable(ErrorHandler.java:206)
	at org.openqa.selenium.remote.ErrorHandler.throwIfResponseFailed(ErrorHandler.java:158)
	at org.openqa.selenium.remote.RemoteWebDriver.execute(RemoteWebDriver.java:678)
	at io.appium.java_client.DefaultGenericMobileDriver.execute(DefaultGenericMobileDriver.java:42)
	at io.appium.java_client.AppiumDriver.execute(AppiumDriver.java:1)
	at io.appium.java_client.android.AndroidDriver.execute(AndroidDriver.java:1)
	at org.openqa.selenium.remote.RemoteWebDriver.startSession(RemoteWebDriver.java:249)
	at org.openqa.selenium.remote.RemoteWebDriver.<init>(RemoteWebDriver.java:131)
	at org.openqa.selenium.remote.RemoteWebDriver.<init>(RemoteWebDriver.java:144)
	at io.appium.java_client.DefaultGenericMobileDriver.<init>(DefaultGenericMobileDriver.java:37)
	at io.appium.java_client.AppiumDriver.<init>(AppiumDriver.java:161)
	at io.appium.java_client.AppiumDriver.<init>(AppiumDriver.java:170)
	at io.appium.java_client.android.AndroidDriver.<init>(AndroidDriver.java:82)
	at com.hjs.config.CommonAppiumTest.setUp(CommonAppiumTest.java:55)
	at sun.reflect.NativeMethodAccessorImpl.invoke0(Native Method)
	at sun.reflect.NativeMethodAccessorImpl.invoke(NativeMethodAccessorImpl.java:62)
	at sun.reflect.DelegatingMethodAccessorImpl.invoke(DelegatingMethodAccessorImpl.java:43)
	at java.lang.reflect.Method.invoke(Method.java:498)
	at org.testng.internal.MethodInvocationHelper.invokeMethod(MethodInvocationHelper.java:84)
	at org.testng.internal.Invoker.invokeConfigurationMethod(Invoker.java:564)
	at org.testng.internal.Invoker.invokeConfigurations(Invoker.java:213)
	at org.testng.internal.Invoker.invokeConfigurations(Invoker.java:138)
	at org.testng.SuiteRunner.privateRun(SuiteRunner.java:291)
	at org.testng.SuiteRunner.run(SuiteRunner.java:254)
	at org.testng.SuiteRunnerWorker.runSuite(SuiteRunnerWorker.java:52)
	at org.testng.SuiteRunnerWorker.run(SuiteRunnerWorker.java:86)
	at org.testng.TestNG.runSuitesSequentially(TestNG.java:1224)
	at org.testng.TestNG.runSuitesLocally(TestNG.java:1149)
	at org.testng.TestNG.run(TestNG.java:1057)
	at org.apache.maven.surefire.testng.TestNGExecutor.run(TestNGExecutor.java:293)
	at org.apache.maven.surefire.testng.TestNGXmlTestSuite.execute(TestNGXmlTestSuite.java:84)
	at org.apache.maven.surefire.testng.TestNGProvider.invoke(TestNGProvider.java:91)
	at org.apache.maven.surefire.booter.ForkedBooter.invokeProviderInSameClassLoader(ForkedBooter.java:200)
	at org.apache.maven.surefire.booter.ForkedBooter.runSuitesInProcess(ForkedBooter.java:153)
	at org.apache.maven.surefire.booter.ForkedBooter.main(ForkedBooter.java:103)
]]></failure>
    <system-out><![CDATA[成功: 已终止进程 "node.exe"，其 PID 为 8372。
---- Starting appium server ----
---- Appium server started Successfully ! ----
&amp#27;[36minfo&amp#27;[39m: Welcome to Appium v1.4.16 (REV ae6877eff263066b26328d457bd285c0cc62430d)
&amp#27;[36minfo&amp#27;[39m: Appium REST http interface listener started on 127.0.0.1:4723
&amp#27;[36minfo&amp#27;[39m: [debug] Non-default server args: {"address":"127.0.0.1","noReset":true,"log":"D:/appiumLogs.txt","defaultCommandTimeout":600}
&amp#27;[36minfo&amp#27;[39m: Console LogLevel: debug
&amp#27;[36minfo&amp#27;[39m: File LogLevel: debug
&amp#27;[36minfo&amp#27;[39m: &amp#27;[37m-->&amp#27;[39m &amp#27;[37mPOST&amp#27;[39m &amp#27;[37m/wd/hub/session&amp#27;[39m &amp#27;[90m{"desiredCapabilities":{"app":"C:\\Users\\huangxiao\\git\\Test-UI-AndroidAuto\\target\\app\\app-default_channel.apk","appPackage":"com.evergrande.eif.android.hengjiaosuo","noReset":false,"platformVersion":"4.4","unicodeKeyboard":true,"platformName":"Android","deviceName":"127.0.0.1:52001","resetKeyboard":true}}&amp#27;[39m
&amp#27;[36minfo&amp#27;[39m: Client User-Agent string: Apache-HttpClient/4.5.3 (Java/1.8.0_91)
&amp#27;[36minfo&amp#27;[39m: [debug] No appActivity desired capability or server param. Parsing from apk.
&amp#27;[36minfo&amp#27;[39m: [debug] Using local app from desired caps: C:\Users\huangxiao\git\Test-UI-AndroidAuto\target\app\app-default_channel.apk
&amp#27;[36minfo&amp#27;[39m: [debug] Creating new appium session c81de00d-95ba-4190-8cca-09c283661f3b
&amp#27;[36minfo&amp#27;[39m: Starting android appium
&amp#27;[36minfo&amp#27;[39m: [debug] Getting Java version
&amp#27;[36minfo&amp#27;[39m: Java version is: 1.8.0_91
&amp#27;[36minfo&amp#27;[39m: [debug] Checking whether adb is present
&amp#27;[36minfo&amp#27;[39m: [debug] Using adb from D:\android-sdk\sdk\platform-tools\adb.exe
&amp#27;[36minfo&amp#27;[39m: [debug] Parsing package and activity from app manifest
&amp#27;[36minfo&amp#27;[39m: [debug] Checking whether aapt is present
&amp#27;[36minfo&amp#27;[39m: [debug] Using aapt from D:\android-sdk\sdk\build-tools\android-4.4W\aapt.exe
&amp#27;[36minfo&amp#27;[39m: [debug] Extracting package and launch activity from manifest.
&amp#27;[36minfo&amp#27;[39m: [debug] executing cmd: D:\android-sdk\sdk\build-tools\android-4.4W\aapt.exe dump badging C:\Users\huangxiao\git\Test-UI-AndroidAuto\target\app\app-default_channel.apk
&amp#27;[36minfo&amp#27;[39m: [debug] badging package: com.evergrande.eif.android.hengjiaosuo
&amp#27;[36minfo&amp#27;[39m: [debug] badging act: com.evergrande.eif.userInterface.activity.modules.guide.HDLoadingActivity
&amp#27;[36minfo&amp#27;[39m: [debug] Parsed package and activity are: com.evergrande.eif.android.hengjiaosuo/com.evergrande.eif.userInterface.activity.modules.guide.HDLoadingActivity
&amp#27;[36minfo&amp#27;[39m: [debug] Using fast reset? true
&amp#27;[36minfo&amp#27;[39m: [debug] Preparing device for session
&amp#27;[36minfo&amp#27;[39m: [debug] Checking whether app is actually present
&amp#27;[36minfo&amp#27;[39m: Retrieving device
&amp#27;[36minfo&amp#27;[39m: [debug] Trying to find a connected android device
&amp#27;[36minfo&amp#27;[39m: [debug] Getting connected devices...
&amp#27;[36minfo&amp#27;[39m: [debug] executing cmd: D:\android-sdk\sdk\platform-tools\adb.exe devices
&amp#27;[36minfo&amp#27;[39m: [debug] 0 device(s) connected
&amp#27;[36minfo&amp#27;[39m: [debug] Could not find devices, restarting adb server...
&amp#27;[36minfo&amp#27;[39m: [debug] executing cmd: D:\android-sdk\sdk\platform-tools\adb.exe kill-server
&amp#27;[36minfo&amp#27;[39m: [debug] Getting connected devices...
&amp#27;[36minfo&amp#27;[39m: [debug] executing cmd: D:\android-sdk\sdk\platform-tools\adb.exe devices
&amp#27;[36minfo&amp#27;[39m: [debug] 0 device(s) connected
&amp#27;[36minfo&amp#27;[39m: [debug] Could not find devices, restarting adb server...
&amp#27;[36minfo&amp#27;[39m: [debug] executing cmd: D:\android-sdk\sdk\platform-tools\adb.exe kill-server
&amp#27;[36minfo&amp#27;[39m: [debug] Getting connected devices...
&amp#27;[36minfo&amp#27;[39m: [debug] executing cmd: D:\android-sdk\sdk\platform-tools\adb.exe devices
&amp#27;[36minfo&amp#27;[39m: [debug] 0 device(s) connected
&amp#27;[36minfo&amp#27;[39m: [debug] Could not find devices, restarting adb server...
&amp#27;[36minfo&amp#27;[39m: [debug] executing cmd: D:\android-sdk\sdk\platform-tools\adb.exe kill-server
&amp#27;[36minfo&amp#27;[39m: [debug] Getting connected devices...
&amp#27;[36minfo&amp#27;[39m: [debug] executing cmd: D:\android-sdk\sdk\platform-tools\adb.exe devices
&amp#27;[36minfo&amp#27;[39m: [debug] 0 device(s) connected
&amp#27;[36minfo&amp#27;[39m: [debug] Sent shutdown command, waiting for UiAutomator to stop...
&amp#27;[33mwarn&amp#27;[39m: UiAutomator did not shut down fast enough, calling it gone
&amp#27;[36minfo&amp#27;[39m: [debug] Cleaning up android objects
&amp#27;[36minfo&amp#27;[39m: [debug] Cleaning up appium session
&amp#27;[36minfo&amp#27;[39m: [debug] Error: Could not find a connected Android device.
    at ADB.getDevicesWithRetry (C:\Program Files (x86)\Appium\node_modules\appium\node_modules\appium-adb\lib\adb.js:606:15)
    at Android.androidCommon.prepareActiveDevice (C:\Program Files (x86)\Appium\node_modules\appium\lib\devices\android\android-common.js:400:12)
    at Android.<anonymous> (C:\Program Files (x86)\Appium\node_modules\appium\lib\devices\android\android-common.js:326:26)
    at C:\Program Files (x86)\Appium\node_modules\appium\node_modules\async\lib\async.js:607:21
    at C:\Program Files (x86)\Appium\node_modules\appium\node_modules\async\lib\async.js:246:17
    at iterate (C:\Program Files (x86)\Appium\node_modules\appium\node_modules\async\lib\async.js:146:13)
    at C:\Program Files (x86)\Appium\node_modules\appium\node_modules\async\lib\async.js:157:25
    at C:\Program Files (x86)\Appium\node_modules\appium\node_modules\async\lib\async.js:248:21
    at C:\Program Files (x86)\Appium\node_modules\appium\node_modules\async\lib\async.js:612:34
    at Android.androidCommon.ensureDeviceLocale (C:\Program Files (x86)\Appium\node_modules\appium\lib\devices\android\android-common.js:371:45)
    at Android.androidCommon.prepareEmulator (C:\Program Files (x86)\Appium\node_modules\appium\lib\devices\android\android-common.js:364:10)
    at Android.<anonymous> (C:\Program Files (x86)\Appium\node_modules\appium\lib\devices\android\android-common.js:325:26)
    at C:\Program Files (x86)\Appium\node_modules\appium\node_modules\async\lib\async.js:607:21
    at C:\Program Files (x86)\Appium\node_modules\appium\node_modules\async\lib\async.js:246:17
    at iterate (C:\Program Files (x86)\Appium\node_modules\appium\node_modules\async\lib\async.js:146:13)
    at C:\Program Files (x86)\Appium\node_modules\appium\node_modules\async\lib\async.js:157:25
    at C:\Program Files (x86)\Appium\node_modules\appium\node_modules\async\lib\async.js:248:21
    at C:\Program Files (x86)\Appium\node_modules\appium\node_modules\async\lib\async.js:612:34
    at Android.<anonymous> (C:\Program Files (x86)\Appium\node_modules\appium\lib\devices\android\android-common.js:344:9)
    at FSReqWrap.oncomplete (fs.js:123:15)
&amp#27;[36minfo&amp#27;[39m: [debug] Responding to client with error: {"status":33,"value":{"message":"A new session could not be created. (Original error: Could not find a connected Android device.)","origValue":"Could not find a connected Android device."},"sessionId":null}
&amp#27;[36minfo&amp#27;[39m: &amp#27;[37m<-- POST /wd/hub/session &amp#27;[39m&amp#27;[31m500&amp#27;[39m&amp#27;[90m 29151.957 ms - 206&amp#27;[39m &amp#27;[90m&amp#27;[39m
]]></system-out>
    <system-err><![CDATA[(node:13508) fs: re-evaluating native module sources is not supported. If you are using the graceful-fs module, please update it to a more recent version.
&amp#27;[31merror&amp#27;[39m: Failed to start an Appium session, err was: Error: Could not find a connected Android device.
]]></system-err>
  </testcase>
  <testcase name="testWelcomePage" classname="com.hjs.cases.AccountManageTestCase" time="0">
    <skipped/>
  </testcase>
  <testcase name="testSignedPhoneLogin" classname="com.hjs.cases.AccountManageTestCase" time="0">
    <skipped/>
    <system-out><![CDATA[result[TestResult name=testWelcomePage status=SKIP method=AccountManageTestCase.testWelcomePage()[pri:0, instance:com.hjs.cases.AccountManageTestCase@39aeed2f] output={null}]
testWelcomePage
AccountManageTestCase.testWelcomePage20170728070025
]]></system-out>
  </testcase>
  <testcase name="testGesturePwd" classname="com.hjs.cases.AccountManageTestCase" time="0">
    <skipped/>
    <system-out><![CDATA[result[TestResult name=testSignedPhoneLogin status=SKIP method=AccountManageTestCase.testSignedPhoneLogin()[pri:0, instance:com.hjs.cases.AccountManageTestCase@39aeed2f] output={null}]
testSignedPhoneLogin
AccountManageTestCase.testSignedPhoneLogin20170728070025
]]></system-out>
  </testcase>
  <testcase name="testLogOut" classname="com.hjs.cases.AccountManageTestCase" time="0">
    <skipped/>
    <system-out><![CDATA[result[TestResult name=testGesturePwd status=SKIP method=AccountManageTestCase.testGesturePwd()[pri:0, instance:com.hjs.cases.AccountManageTestCase@39aeed2f] output={null}]
testGesturePwd
AccountManageTestCase.testGesturePwd20170728070025
]]></system-out>
  </testcase>
  <testcase name="testSignAccount" classname="com.hjs.cases.AccountManageTestCase" time="0">
    <skipped/>
    <system-out><![CDATA[result[TestResult name=testLogOut status=SKIP method=AccountManageTestCase.testLogOut()[pri:0, instance:com.hjs.cases.AccountManageTestCase@39aeed2f] output={null}]
testLogOut
AccountManageTestCase.testLogOut20170728070025
]]></system-out>
  </testcase>
  <testcase name="testRealNameAndSetBankCard" classname="com.hjs.cases.AccountManageTestCase" time="0">
    <skipped/>
    <system-out><![CDATA[result[TestResult name=testSignAccount status=SKIP method=AccountManageTestCase.testSignAccount()[pri:0, instance:com.hjs.cases.AccountManageTestCase@39aeed2f] output={null}]
testSignAccount
AccountManageTestCase.testSignAccount20170728070025
]]></system-out>
  </testcase>
  <testcase name="testUnBundBankCard" classname="com.hjs.cases.AccountManageTestCase" time="0">
    <skipped/>
    <system-out><![CDATA[result[TestResult name=testRealNameAndSetBankCard status=SKIP method=AccountManageTestCase.testRealNameAndSetBankCard()[pri:0, instance:com.hjs.cases.AccountManageTestCase@39aeed2f] output={null}]
testRealNameAndSetBankCard
AccountManageTestCase.testRealNameAndSetBankCard20170728070025
]]></system-out>
  </testcase>
  <testcase name="testResetTradePwd" classname="com.hjs.cases.AccountManageTestCase" time="0">
    <skipped/>
    <system-out><![CDATA[result[TestResult name=testUnBundBankCard status=SKIP method=AccountManageTestCase.testUnBundBankCard()[pri:0, instance:com.hjs.cases.AccountManageTestCase@39aeed2f] output={null}]
testUnBundBankCard
AccountManageTestCase.testUnBundBankCard20170728070025
]]></system-out>
  </testcase>
  <testcase name="testResetLoginPwd" classname="com.hjs.cases.AccountManageTestCase" time="0">
    <skipped/>
    <system-out><![CDATA[result[TestResult name=testResetTradePwd status=SKIP method=AccountManageTestCase.testResetTradePwd()[pri:0, instance:com.hjs.cases.AccountManageTestCase@39aeed2f] output={null}]
testResetTradePwd
AccountManageTestCase.testResetTradePwd20170728070025
]]></system-out>
  </testcase>
  <testcase name="testRiskEvaluation" classname="com.hjs.cases.AccountManageTestCase" time="0">
    <skipped/>
    <system-out><![CDATA[result[TestResult name=testResetLoginPwd status=SKIP method=AccountManageTestCase.testResetLoginPwd()[pri:0, instance:com.hjs.cases.AccountManageTestCase@39aeed2f] output={null}]
testResetLoginPwd
AccountManageTestCase.testResetLoginPwd20170728070025
]]></system-out>
  </testcase>
  <testcase name="testReRiskEvaluation" classname="com.hjs.cases.AccountManageTestCase" time="0">
    <skipped/>
    <system-out><![CDATA[result[TestResult name=testRiskEvaluation status=SKIP method=AccountManageTestCase.testRiskEvaluation()[pri:0, instance:com.hjs.cases.AccountManageTestCase@39aeed2f] output={null}]
testRiskEvaluation
AccountManageTestCase.testRiskEvaluation20170728070025
]]></system-out>
  </testcase>
  <testcase name="test理财页产品信息" classname="com.hjs.cases.TradeTestCase" time="0">
    <skipped/>
    <system-out><![CDATA[result[TestResult name=testReRiskEvaluation status=SKIP method=AccountManageTestCase.testReRiskEvaluation()[pri:0, instance:com.hjs.cases.AccountManageTestCase@39aeed2f] output={null}]
testReRiskEvaluation
AccountManageTestCase.testReRiskEvaluation20170728070025
]]></system-out>
  </testcase>
  <testcase name="test银行卡不带券购买定期产品" classname="com.hjs.cases.TradeTestCase" time="0">
    <skipped/>
    <system-out><![CDATA[result[TestResult name=test理财页产品信息 status=SKIP method=TradeTestCase.test理财页产品信息()[pri:0, instance:com.hjs.cases.TradeTestCase@3ffc5af1] output={null}]
test理财页产品信息
TradeTestCase.test理财页产品信息20170728070025
]]></system-out>
  </testcase>
  <testcase name="test银行卡现金券购买定期产品" classname="com.hjs.cases.TradeTestCase" time="0">
    <skipped/>
    <system-out><![CDATA[result[TestResult name=test银行卡不带券购买定期产品 status=SKIP method=TradeTestCase.test银行卡不带券购买定期产品()[pri:0, instance:com.hjs.cases.TradeTestCase@3ffc5af1] output={null}]
test银行卡不带券购买定期产品
TradeTestCase.test银行卡不带券购买定期产品20170728070025
]]></system-out>
  </testcase>
  <testcase name="test银行卡加息券购买定期理财产品" classname="com.hjs.cases.TradeTestCase" time="0">
    <skipped/>
    <system-out><![CDATA[result[TestResult name=test银行卡现金券购买定期产品 status=SKIP method=TradeTestCase.test银行卡现金券购买定期产品()[pri:0, instance:com.hjs.cases.TradeTestCase@3ffc5af1] output={null}]
test银行卡现金券购买定期产品
TradeTestCase.test银行卡现金券购买定期产品20170728070025
]]></system-out>
  </testcase>
  <testcase name="test银行卡不带券无短信验证码购买定期产品" classname="com.hjs.cases.TradeTestCase" time="0">
    <skipped/>
    <system-out><![CDATA[result[TestResult name=test银行卡加息券购买定期理财产品 status=SKIP method=TradeTestCase.test银行卡加息券购买定期理财产品()[pri:0, instance:com.hjs.cases.TradeTestCase@3ffc5af1] output={null}]
test银行卡加息券购买定期理财产品
TradeTestCase.test银行卡加息券购买定期理财产品20170728070025
]]></system-out>
  </testcase>
  <testcase name="test银行卡现金券无验证码购买定期产品" classname="com.hjs.cases.TradeTestCase" time="0">
    <skipped/>
    <system-out><![CDATA[result[TestResult name=test银行卡不带券无短信验证码购买定期产品 status=SKIP method=TradeTestCase.test银行卡不带券无短信验证码购买定期产品()[pri:0, instance:com.hjs.cases.TradeTestCase@3ffc5af1] output={null}]
test银行卡不带券无短信验证码购买定期产品
TradeTestCase.test银行卡不带券无短信验证码购买定期产品20170728070025
]]></system-out>
  </testcase>
  <testcase name="test银行卡加息券无验证码购买定期产品" classname="com.hjs.cases.TradeTestCase" time="0">
    <skipped/>
    <system-out><![CDATA[result[TestResult name=test银行卡现金券无验证码购买定期产品 status=SKIP method=TradeTestCase.test银行卡现金券无验证码购买定期产品()[pri:0, instance:com.hjs.cases.TradeTestCase@3ffc5af1] output={null}]
test银行卡现金券无验证码购买定期产品
TradeTestCase.test银行卡现金券无验证码购买定期产品20170728070025
]]></system-out>
  </testcase>
  <testcase name="test充值" classname="com.hjs.cases.TradeTestCase" time="0">
    <skipped/>
    <system-out><![CDATA[result[TestResult name=test银行卡加息券无验证码购买定期产品 status=SKIP method=TradeTestCase.test银行卡加息券无验证码购买定期产品()[pri:0, instance:com.hjs.cases.TradeTestCase@3ffc5af1] output={null}]
test银行卡加息券无验证码购买定期产品
TradeTestCase.test银行卡加息券无验证码购买定期产品20170728070025
]]></system-out>
  </testcase>
  <testcase name="test余额不带券购买定期产品" classname="com.hjs.cases.TradeTestCase" time="0">
    <skipped/>
    <system-out><![CDATA[result[TestResult name=test充值 status=SKIP method=TradeTestCase.test充值()[pri:0, instance:com.hjs.cases.TradeTestCase@3ffc5af1] output={null}]
test充值
TradeTestCase.test充值20170728070025
]]></system-out>
  </testcase>
  <testcase name="test余额现金券购买定期产品" classname="com.hjs.cases.TradeTestCase" time="0">
    <skipped/>
    <system-out><![CDATA[result[TestResult name=test余额不带券购买定期产品 status=SKIP method=TradeTestCase.test余额不带券购买定期产品()[pri:0, instance:com.hjs.cases.TradeTestCase@3ffc5af1] output={null}]
test余额不带券购买定期产品
TradeTestCase.test余额不带券购买定期产品20170728070025
]]></system-out>
  </testcase>
  <testcase name="test余额加息券购买定期产品" classname="com.hjs.cases.TradeTestCase" time="0">
    <skipped/>
    <system-out><![CDATA[result[TestResult name=test余额现金券购买定期产品 status=SKIP method=TradeTestCase.test余额现金券购买定期产品()[pri:0, instance:com.hjs.cases.TradeTestCase@3ffc5af1] output={null}]
test余额现金券购买定期产品
TradeTestCase.test余额现金券购买定期产品20170728070025
]]></system-out>
  </testcase>
  <testcase name="test余额不带券购买活期产品" classname="com.hjs.cases.TradeTestCase" time="0">
    <skipped/>
    <system-out><![CDATA[result[TestResult name=test余额加息券购买定期产品 status=SKIP method=TradeTestCase.test余额加息券购买定期产品()[pri:0, instance:com.hjs.cases.TradeTestCase@3ffc5af1] output={null}]
test余额加息券购买定期产品
TradeTestCase.test余额加息券购买定期产品20170728070025
]]></system-out>
  </testcase>
  <testcase name="test银行卡不带券购买活期产品" classname="com.hjs.cases.TradeTestCase" time="0">
    <skipped/>
    <system-out><![CDATA[result[TestResult name=test余额不带券购买活期产品 status=SKIP method=TradeTestCase.test余额不带券购买活期产品()[pri:0, instance:com.hjs.cases.TradeTestCase@3ffc5af1] output={null}]
test余额不带券购买活期产品
TradeTestCase.test余额不带券购买活期产品20170728070025
]]></system-out>
  </testcase>
  <testcase name="test银行卡不带券购买定期产品失败场景" classname="com.hjs.cases.TradeTestCase" time="0">
    <skipped/>
    <system-out><![CDATA[result[TestResult name=test银行卡不带券购买活期产品 status=SKIP method=TradeTestCase.test银行卡不带券购买活期产品()[pri:0, instance:com.hjs.cases.TradeTestCase@3ffc5af1] output={null}]
test银行卡不带券购买活期产品
TradeTestCase.test银行卡不带券购买活期产品20170728070025
]]></system-out>
  </testcase>
  <testcase name="test下架产品" classname="com.hjs.cases.TradeTestCase" time="0">
    <skipped/>
    <system-out><![CDATA[result[TestResult name=test银行卡不带券购买定期产品失败场景 status=SKIP method=TradeTestCase.test银行卡不带券购买定期产品失败场景()[pri:0, instance:com.hjs.cases.TradeTestCase@3ffc5af1] output={null}]
test银行卡不带券购买定期产品失败场景
TradeTestCase.test银行卡不带券购买定期产品失败场景20170728070025
]]></system-out>
  </testcase>
  <testcase name="test提现" classname="com.hjs.cases.TradeTestCase" time="0">
    <skipped/>
    <system-out><![CDATA[result[TestResult name=test下架产品 status=SKIP method=TradeTestCase.test下架产品()[pri:0, instance:com.hjs.cases.TradeTestCase@3ffc5af1] output={null}]
test下架产品
TradeTestCase.test下架产品20170728070025
]]></system-out>
  </testcase>
  <testcase name="test我的定期产品信息" classname="com.hjs.cases.TradeTestCase" time="0">
    <skipped/>
    <system-out><![CDATA[result[TestResult name=test提现 status=SKIP method=TradeTestCase.test提现()[pri:0, instance:com.hjs.cases.TradeTestCase@3ffc5af1] output={null}]
test提现
TradeTestCase.test提现20170728070025
]]></system-out>
  </testcase>
  <testcase name="test赎回活期产品到余额" classname="com.hjs.cases.TradeTestCase" time="0">
    <skipped/>
    <system-out><![CDATA[result[TestResult name=test我的定期产品信息 status=SKIP method=TradeTestCase.test我的定期产品信息()[pri:0, instance:com.hjs.cases.TradeTestCase@3ffc5af1] output={null}]
test我的定期产品信息
TradeTestCase.test我的定期产品信息20170728070025
]]></system-out>
  </testcase>
  <testcase name="tearDown" classname="com.hjs.cases.TradeTestCase" time="0">
    <failure type="java.lang.NullPointerException:">java.lang.NullPointerException: null
	at com.hjs.config.CommonAppiumTest.tearDown(CommonAppiumTest.java:139)
	at sun.reflect.NativeMethodAccessorImpl.invoke0(Native Method)
	at sun.reflect.NativeMethodAccessorImpl.invoke(NativeMethodAccessorImpl.java:62)
	at sun.reflect.DelegatingMethodAccessorImpl.invoke(DelegatingMethodAccessorImpl.java:43)
	at java.lang.reflect.Method.invoke(Method.java:498)
	at org.testng.internal.MethodInvocationHelper.invokeMethod(MethodInvocationHelper.java:84)
	at org.testng.internal.Invoker.invokeConfigurationMethod(Invoker.java:564)
	at org.testng.internal.Invoker.invokeConfigurations(Invoker.java:213)
	at org.testng.internal.Invoker.invokeConfigurations(Invoker.java:138)
	at org.testng.SuiteRunner.privateRun(SuiteRunner.java:322)
	at org.testng.SuiteRunner.run(SuiteRunner.java:254)
	at org.testng.SuiteRunnerWorker.runSuite(SuiteRunnerWorker.java:52)
	at org.testng.SuiteRunnerWorker.run(SuiteRunnerWorker.java:86)
	at org.testng.TestNG.runSuitesSequentially(TestNG.java:1224)
	at org.testng.TestNG.runSuitesLocally(TestNG.java:1149)
	at org.testng.TestNG.run(TestNG.java:1057)
	at org.apache.maven.surefire.testng.TestNGExecutor.run(TestNGExecutor.java:293)
	at org.apache.maven.surefire.testng.TestNGXmlTestSuite.execute(TestNGXmlTestSuite.java:84)
	at org.apache.maven.surefire.testng.TestNGProvider.invoke(TestNGProvider.java:91)
	at org.apache.maven.surefire.booter.ForkedBooter.invokeProviderInSameClassLoader(ForkedBooter.java:200)
	at org.apache.maven.surefire.booter.ForkedBooter.runSuitesInProcess(ForkedBooter.java:153)
	at org.apache.maven.surefire.booter.ForkedBooter.main(ForkedBooter.java:103)
</failure>
    <system-out><![CDATA[result[TestResult name=test赎回活期产品到余额 status=SKIP method=TradeTestCase.test赎回活期产品到余额()[pri:0, instance:com.hjs.cases.TradeTestCase@3ffc5af1] output={null}]
test赎回活期产品到余额
TradeTestCase.test赎回活期产品到余额20170728070025
]]></system-out>
  </testcase>
</testsuite>