<?xml version="1.0" encoding="UTF-8"?>
<!-- Generated by org.testng.reporters.JUnitReportReporter -->
<testsuite hostname="HJS-PC095HFZ" name="com.hjs.cases.TradeTestCase" tests="1" failures="0" timestamp="21 Jun 2017 10:08:32 GMT" time="200.961" errors="0">
  <testcase name="testFinancialPageProductInfo" time="200.961" classname="com.hjs.cases.TradeTestCase"/>
</testsuite> <!-- com.hjs.cases.TradeTestCase -->
