<?xml version="1.0" encoding="UTF-8"?>
<!-- Generated by org.testng.reporters.JUnitReportReporter -->
<testsuite hostname="HJS-PC095HFZ" name="com.hjs.Interface.testJson" tests="1" failures="0" timestamp="16 Jun 2017 06:22:42 GMT" time="25.899" errors="0">
  <testcase name="getOrder" time="25.899" classname="com.hjs.Interface.testJson"/>
</testsuite> <!-- com.hjs.Interface.testJson -->
