<?xml version="1.0" encoding="UTF-8"?>
<!-- Generated by org.testng.reporters.JUnitReportReporter -->
<testsuite hostname="SZ-PC095HFZ" name="com.hjs.cases.AccountManageTestCase" tests="1" failures="0" timestamp="12 Jul 2017 09:36:03 GMT" time="18.221" errors="0">
  <testcase name="testWelcomePage" time="18.221" classname="com.hjs.cases.AccountManageTestCase"/>
</testsuite> <!-- com.hjs.cases.AccountManageTestCase -->
