<?xml version="1.0" encoding="UTF-8"?>
<!-- Generated by org.testng.reporters.JUnitReportReporter -->
<testsuite hostname="HJS-PC095HFZ" name="com.hjs.cases.AccountManageTestCase" tests="2" failures="0" timestamp="31 May 2017 07:38:49 GMT" time="323.064" errors="0">
  <testcase name="testRiskEvaluation" time="167.345" classname="com.hjs.cases.AccountManageTestCase"/>
  <testcase name="testReRiskEvaluation" time="155.719" classname="com.hjs.cases.AccountManageTestCase"/>
</testsuite> <!-- com.hjs.cases.AccountManageTestCase -->
