<?xml version="1.0" encoding="UTF-8"?>
<!-- Generated by org.testng.reporters.JUnitReportReporter -->
<testsuite hostname="SZ-PC095HFZ" name="com.hjs.cases.AccountManageTestCase" tests="3" failures="0" timestamp="10 Jul 2017 11:51:17 GMT" time="129.711" errors="0">
  <testcase name="testSignedPhoneLogin" time="71.986" classname="com.hjs.cases.AccountManageTestCase"/>
  <testcase name="testGesturePwd" time="37.734" classname="com.hjs.cases.AccountManageTestCase"/>
  <testcase name="testWelcomePage" time="19.991" classname="com.hjs.cases.AccountManageTestCase"/>
</testsuite> <!-- com.hjs.cases.AccountManageTestCase -->
