<?xml version="1.0" encoding="UTF-8"?>
<!-- Generated by org.testng.reporters.JUnitReportReporter -->
<testsuite hostname="SZ-PC095HFZ" name="com.hjs.publics.test" tests="1" failures="0" timestamp="20 Jul 2017 06:50:10 GMT" time="0.038" errors="0">
  <testcase name="testException" time="0.038" classname="com.hjs.publics.test"/>
</testsuite> <!-- com.hjs.publics.test -->
