<?xml version="1.0" encoding="UTF-8"?>
<!-- Generated by org.testng.reporters.JUnitReportReporter -->
<testsuite hostname="HJS-PC095HFZ" name="com.hjs.Interface.test" tests="1" failures="0" timestamp="15 Jun 2017 10:15:03 GMT" time="0.159" errors="0">
  <testcase name="getOrder" time="0.159" classname="com.hjs.Interface.test"/>
</testsuite> <!-- com.hjs.Interface.test -->
