<?xml version="1.0" encoding="UTF-8"?>
<!-- Generated by org.testng.reporters.JUnitReportReporter -->
<testsuite hostname="SZ-PC095HFZ" name="com.hjs.cases.TradeTestCase" tests="1" failures="0" timestamp="28 Jul 2017 08:28:01 GMT" time="662.519" errors="0">
  <testcase name="test赎回活期产品到余额" time="662.519" classname="com.hjs.cases.TradeTestCase"/>
</testsuite> <!-- com.hjs.cases.TradeTestCase -->
