<?xml version="1.0" encoding="UTF-8"?>
<!-- Generated by org.testng.reporters.JUnitReportReporter -->
<testsuite hostname="SZ-PC095HFZ" name="com.hjs.cases.AccountManageTestCase" tests="1" failures="0" timestamp="21 Jul 2017 06:41:02 GMT" time="171.553" errors="0">
  <testcase name="testReRiskEvaluation" time="171.553" classname="com.hjs.cases.AccountManageTestCase"/>
</testsuite> <!-- com.hjs.cases.AccountManageTestCase -->
