<?xml version="1.0" encoding="UTF-8"?>
<!-- Generated by org.testng.reporters.JUnitReportReporter -->
<testsuite hostname="SZ-PC095HFZ" name="com.hjs.publics.test" tests="1" failures="0" timestamp="4 Aug 2017 10:44:24 GMT" time="0.842" errors="0">
  <testcase name="test" time="0.842" classname="com.hjs.publics.test"/>
</testsuite> <!-- com.hjs.publics.test -->
